<?xml version="1.0" encoding="UTF-8"?>
<!-- Generated by org.testng.reporters.JUnitReportReporter -->
<testsuite skipped="0" hostname="ATMECSINLT-283" name="com.atmecs.scenerios.script.HomePageExploreScriptScenrio" tests="2" failures="0" timestamp="2019-10-03T21:32:40 IST" time="10.203" errors="0">
  <testcase name="ClickOnExplore" time="7.810" classname="com.atmecs.scenerios.script.HomePageExploreScriptScenrio"/>
  <testcase name="validateLandRight" time="2.393" classname="com.atmecs.scenerios.script.HomePageExploreScriptScenrio"/>
</testsuite> <!-- com.atmecs.scenerios.script.HomePageExploreScriptScenrio -->
