<?xml version="1.0" encoding="UTF-8"?>
<!-- Generated by org.testng.reporters.JUnitReportReporter -->
<testsuite skipped="0" hostname="ATMECSINLT-283" name="com.atmecs.script.BlogScript" tests="1" failures="0" timestamp="2019-09-30T11:31:25 IST" time="9.589" errors="0">
  <testcase name="blogSc" time="9.589" classname="com.atmecs.script.BlogScript"/>
</testsuite> <!-- com.atmecs.script.BlogScript -->
