<?xml version="1.0" encoding="UTF-8"?>
<!-- Generated by org.testng.reporters.JUnitReportReporter -->
<testsuite skipped="0" hostname="ATMECSINLT-283" name="com.atmecs.scenerios.script.MoreInfoScript" tests="2" failures="0" timestamp="2019-10-03T15:36:36 IST" time="3.091" errors="0">
  <testcase name="clickOnInfo" time="2.737" classname="com.atmecs.scenerios.script.MoreInfoScript"/>
  <testcase name="validateBrudInfo1" time="0.354" classname="com.atmecs.scenerios.script.MoreInfoScript"/>
</testsuite> <!-- com.atmecs.scenerios.script.MoreInfoScript -->
