<?xml version="1.0" encoding="UTF-8"?>
<!-- Generated by org.testng.reporters.JUnitReportReporter -->
<testsuite skipped="0" hostname="ATMECSINLT-283" name="com.atmecs.script.AtmecsScript" tests="6" failures="0" timestamp="2019-10-04T20:12:34 IST" time="38.835" errors="0">
  <testcase name="clickOnExploreNow" time="8.262" classname="com.atmecs.script.AtmecsScript"/>
  <testcase name="clickOnMoreInfo" time="5.738" classname="com.atmecs.script.AtmecsScript"/>
  <testcase name="clickOnMoreInfo" time="6.840" classname="com.atmecs.script.AtmecsScript"/>
  <testcase name="clickOnMoreInfo" time="6.547" classname="com.atmecs.script.AtmecsScript"/>
  <testcase name="clickOnMoreInfo" time="6.378" classname="com.atmecs.script.AtmecsScript"/>
  <testcase name="clickOnMoreInfo" time="5.070" classname="com.atmecs.script.AtmecsScript"/>
</testsuite> <!-- com.atmecs.script.AtmecsScript -->
