<?xml version="1.0" encoding="UTF-8"?>
<!-- Generated by org.testng.reporters.JUnitReportReporter -->
<testsuite skipped="0" hostname="ATMECSINLT-283" name="com.atmecs.scenerios.script.MoreInfoScriptThird" tests="2" failures="0" timestamp="2019-10-03T21:32:40 IST" time="4.707" errors="0">
  <testcase name="clickOnInfomorethird" time="2.297" classname="com.atmecs.scenerios.script.MoreInfoScriptThird"/>
  <testcase name="validateInfothirdbread" time="2.410" classname="com.atmecs.scenerios.script.MoreInfoScriptThird"/>
</testsuite> <!-- com.atmecs.scenerios.script.MoreInfoScriptThird -->
