<?xml version="1.0" encoding="UTF-8"?>
<!-- Generated by org.testng.reporters.JUnitReportReporter -->
<testsuite skipped="0" hostname="ATMECSINLT-283" name="com.atmecs.scenerios.script.MoreInfoScriptFive" tests="2" failures="0" timestamp="2019-10-04T10:43:04 IST" time="6.547" errors="0">
  <testcase name="clickOnInfoFifth" time="2.441" classname="com.atmecs.scenerios.script.MoreInfoScriptFive"/>
  <testcase name="ValiadteBreadCrumb" time="4.106" classname="com.atmecs.scenerios.script.MoreInfoScriptFive"/>
</testsuite> <!-- com.atmecs.scenerios.script.MoreInfoScriptFive -->
