<?xml version="1.0" encoding="UTF-8"?>
<!-- Generated by org.testng.reporters.JUnitReportReporter -->
<testsuite skipped="0" hostname="ATMECSINLT-283" name="com.atmecs.script.HomeOneScript" tests="44" failures="0" timestamp="2019-09-30T19:13:32 IST" time="6.834" errors="0">
  <testcase name="clickHome" time="2.601" classname="com.atmecs.script.HomeOneScript"/>
  <testcase name="homefooterValidate" time="0.069" classname="com.atmecs.script.HomeOneScript"/>
  <testcase name="homefooterValidate" time="0.066" classname="com.atmecs.script.HomeOneScript"/>
  <testcase name="homefooterValidate" time="0.066" classname="com.atmecs.script.HomeOneScript"/>
  <testcase name="homefooterValidate" time="0.062" classname="com.atmecs.script.HomeOneScript"/>
  <testcase name="homefooterValidate" time="0.057" classname="com.atmecs.script.HomeOneScript"/>
  <testcase name="homefooterValidate" time="0.042" classname="com.atmecs.script.HomeOneScript"/>
  <testcase name="homefooterValidate" time="0.065" classname="com.atmecs.script.HomeOneScript"/>
  <testcase name="homefooterValidate" time="0.064" classname="com.atmecs.script.HomeOneScript"/>
  <testcase name="homefooterValidate" time="0.062" classname="com.atmecs.script.HomeOneScript"/>
  <testcase name="homefooterValidate" time="0.068" classname="com.atmecs.script.HomeOneScript"/>
  <testcase name="homefooterValidate" time="0.064" classname="com.atmecs.script.HomeOneScript"/>
  <testcase name="homefooterValidate" time="0.057" classname="com.atmecs.script.HomeOneScript"/>
  <testcase name="homefooterValidate" time="0.038" classname="com.atmecs.script.HomeOneScript"/>
  <testcase name="homefooterValidate" time="0.059" classname="com.atmecs.script.HomeOneScript"/>
  <testcase name="homefooterValidate" time="0.064" classname="com.atmecs.script.HomeOneScript"/>
  <testcase name="homefooterValidate" time="0.059" classname="com.atmecs.script.HomeOneScript"/>
  <testcase name="homefooterValidate" time="0.043" classname="com.atmecs.script.HomeOneScript"/>
  <testcase name="homefooterValidate" time="0.071" classname="com.atmecs.script.HomeOneScript"/>
  <testcase name="homefooterValidate" time="0.069" classname="com.atmecs.script.HomeOneScript"/>
  <testcase name="homefooterValidate" time="0.063" classname="com.atmecs.script.HomeOneScript"/>
  <testcase name="homefooterValidate" time="0.082" classname="com.atmecs.script.HomeOneScript"/>
  <testcase name="clickOnAbout" time="1.741" classname="com.atmecs.script.HomeOneScript"/>
  <testcase name="aboutUsFooter" time="0.062" classname="com.atmecs.script.HomeOneScript"/>
  <testcase name="aboutUsFooter" time="0.060" classname="com.atmecs.script.HomeOneScript"/>
  <testcase name="aboutUsFooter" time="0.069" classname="com.atmecs.script.HomeOneScript"/>
  <testcase name="aboutUsFooter" time="0.066" classname="com.atmecs.script.HomeOneScript"/>
  <testcase name="aboutUsFooter" time="0.060" classname="com.atmecs.script.HomeOneScript"/>
  <testcase name="aboutUsFooter" time="0.045" classname="com.atmecs.script.HomeOneScript"/>
  <testcase name="aboutUsFooter" time="0.059" classname="com.atmecs.script.HomeOneScript"/>
  <testcase name="aboutUsFooter" time="0.070" classname="com.atmecs.script.HomeOneScript"/>
  <testcase name="aboutUsFooter" time="0.081" classname="com.atmecs.script.HomeOneScript"/>
  <testcase name="aboutUsFooter" time="0.051" classname="com.atmecs.script.HomeOneScript"/>
  <testcase name="aboutUsFooter" time="0.052" classname="com.atmecs.script.HomeOneScript"/>
  <testcase name="aboutUsFooter" time="0.056" classname="com.atmecs.script.HomeOneScript"/>
  <testcase name="aboutUsFooter" time="0.057" classname="com.atmecs.script.HomeOneScript"/>
  <testcase name="aboutUsFooter" time="0.046" classname="com.atmecs.script.HomeOneScript"/>
  <testcase name="aboutUsFooter" time="0.054" classname="com.atmecs.script.HomeOneScript"/>
  <testcase name="aboutUsFooter" time="0.055" classname="com.atmecs.script.HomeOneScript"/>
  <testcase name="aboutUsFooter" time="0.057" classname="com.atmecs.script.HomeOneScript"/>
  <testcase name="aboutUsFooter" time="0.049" classname="com.atmecs.script.HomeOneScript"/>
  <testcase name="aboutUsFooter" time="0.040" classname="com.atmecs.script.HomeOneScript"/>
  <testcase name="aboutUsFooter" time="0.055" classname="com.atmecs.script.HomeOneScript"/>
  <testcase name="aboutUsFooter" time="0.058" classname="com.atmecs.script.HomeOneScript"/>
</testsuite> <!-- com.atmecs.script.HomeOneScript -->
