<?xml version="1.0" encoding="UTF-8"?>
<!-- Generated by org.testng.reporters.JUnitReportReporter -->
<testsuite skipped="0" hostname="ATMECSINLT-283" name="com.atmecs.script.ServicesContextMenu" tests="12" failures="0" timestamp="2019-10-01T20:12:18 IST" time="6.817" errors="0">
  <testcase name="hoverOnServices" time="1.782" classname="com.atmecs.script.ServicesContextMenu"/>
  <testcase name="validateSubmenu" time="0.352" classname="com.atmecs.script.ServicesContextMenu"/>
  <testcase name="validateSubmenu" time="0.515" classname="com.atmecs.script.ServicesContextMenu"/>
  <testcase name="validateSubmenu" time="0.386" classname="com.atmecs.script.ServicesContextMenu"/>
  <testcase name="validateSubmenu" time="0.359" classname="com.atmecs.script.ServicesContextMenu"/>
  <testcase name="validateSubmenu" time="0.389" classname="com.atmecs.script.ServicesContextMenu"/>
  <testcase name="infrastructureservice" time="0.855" classname="com.atmecs.script.ServicesContextMenu"/>
  <testcase name="validateInfraServices" time="0.394" classname="com.atmecs.script.ServicesContextMenu"/>
  <testcase name="validateInfraServices" time="0.535" classname="com.atmecs.script.ServicesContextMenu"/>
  <testcase name="validateInfraServices" time="0.393" classname="com.atmecs.script.ServicesContextMenu"/>
  <testcase name="validateInfraServices" time="0.397" classname="com.atmecs.script.ServicesContextMenu"/>
  <testcase name="validateInfraServices" time="0.460" classname="com.atmecs.script.ServicesContextMenu"/>
</testsuite> <!-- com.atmecs.script.ServicesContextMenu -->
