<?xml version="1.0" encoding="UTF-8"?>
<!-- Generated by org.testng.reporters.JUnitReportReporter -->
<testsuite skipped="0" hostname="ATMECSINLT-283" name="com.atmecs.script.InsightCarrerContactScript" tests="66" failures="0" timestamp="2019-10-01T20:12:18 IST" time="35.243" errors="0">
  <testcase name="clickOnServices" time="7.896" classname="com.atmecs.script.InsightCarrerContactScript"/>
  <testcase name="servicesFooterValidate" time="0.362" classname="com.atmecs.script.InsightCarrerContactScript"/>
  <testcase name="servicesFooterValidate" time="0.351" classname="com.atmecs.script.InsightCarrerContactScript"/>
  <testcase name="servicesFooterValidate" time="0.380" classname="com.atmecs.script.InsightCarrerContactScript"/>
  <testcase name="servicesFooterValidate" time="0.374" classname="com.atmecs.script.InsightCarrerContactScript"/>
  <testcase name="servicesFooterValidate" time="0.337" classname="com.atmecs.script.InsightCarrerContactScript"/>
  <testcase name="servicesFooterValidate" time="0.374" classname="com.atmecs.script.InsightCarrerContactScript"/>
  <testcase name="servicesFooterValidate" time="0.390" classname="com.atmecs.script.InsightCarrerContactScript"/>
  <testcase name="servicesFooterValidate" time="0.408" classname="com.atmecs.script.InsightCarrerContactScript"/>
  <testcase name="servicesFooterValidate" time="0.376" classname="com.atmecs.script.InsightCarrerContactScript"/>
  <testcase name="servicesFooterValidate" time="0.380" classname="com.atmecs.script.InsightCarrerContactScript"/>
  <testcase name="servicesFooterValidate" time="0.421" classname="com.atmecs.script.InsightCarrerContactScript"/>
  <testcase name="servicesFooterValidate" time="0.377" classname="com.atmecs.script.InsightCarrerContactScript"/>
  <testcase name="servicesFooterValidate" time="0.394" classname="com.atmecs.script.InsightCarrerContactScript"/>
  <testcase name="servicesFooterValidate" time="0.375" classname="com.atmecs.script.InsightCarrerContactScript"/>
  <testcase name="servicesFooterValidate" time="0.376" classname="com.atmecs.script.InsightCarrerContactScript"/>
  <testcase name="servicesFooterValidate" time="0.369" classname="com.atmecs.script.InsightCarrerContactScript"/>
  <testcase name="servicesFooterValidate" time="0.390" classname="com.atmecs.script.InsightCarrerContactScript"/>
  <testcase name="servicesFooterValidate" time="0.353" classname="com.atmecs.script.InsightCarrerContactScript"/>
  <testcase name="servicesFooterValidate" time="0.372" classname="com.atmecs.script.InsightCarrerContactScript"/>
  <testcase name="servicesFooterValidate" time="0.452" classname="com.atmecs.script.InsightCarrerContactScript"/>
  <testcase name="servicesFooterValidate" time="0.395" classname="com.atmecs.script.InsightCarrerContactScript"/>
  <testcase name="clickOnPartner" time="3.252" classname="com.atmecs.script.InsightCarrerContactScript"/>
  <testcase name="partnerValidate" time="0.371" classname="com.atmecs.script.InsightCarrerContactScript"/>
  <testcase name="partnerValidate" time="0.379" classname="com.atmecs.script.InsightCarrerContactScript"/>
  <testcase name="partnerValidate" time="0.378" classname="com.atmecs.script.InsightCarrerContactScript"/>
  <testcase name="partnerValidate" time="0.361" classname="com.atmecs.script.InsightCarrerContactScript"/>
  <testcase name="partnerValidate" time="0.389" classname="com.atmecs.script.InsightCarrerContactScript"/>
  <testcase name="partnerValidate" time="0.595" classname="com.atmecs.script.InsightCarrerContactScript"/>
  <testcase name="partnerValidate" time="0.353" classname="com.atmecs.script.InsightCarrerContactScript"/>
  <testcase name="partnerValidate" time="0.339" classname="com.atmecs.script.InsightCarrerContactScript"/>
  <testcase name="partnerValidate" time="0.327" classname="com.atmecs.script.InsightCarrerContactScript"/>
  <testcase name="partnerValidate" time="0.379" classname="com.atmecs.script.InsightCarrerContactScript"/>
  <testcase name="partnerValidate" time="0.377" classname="com.atmecs.script.InsightCarrerContactScript"/>
  <testcase name="partnerValidate" time="0.369" classname="com.atmecs.script.InsightCarrerContactScript"/>
  <testcase name="partnerValidate" time="0.331" classname="com.atmecs.script.InsightCarrerContactScript"/>
  <testcase name="partnerValidate" time="0.352" classname="com.atmecs.script.InsightCarrerContactScript"/>
  <testcase name="partnerValidate" time="0.355" classname="com.atmecs.script.InsightCarrerContactScript"/>
  <testcase name="partnerValidate" time="0.359" classname="com.atmecs.script.InsightCarrerContactScript"/>
  <testcase name="partnerValidate" time="0.351" classname="com.atmecs.script.InsightCarrerContactScript"/>
  <testcase name="partnerValidate" time="0.411" classname="com.atmecs.script.InsightCarrerContactScript"/>
  <testcase name="partnerValidate" time="0.374" classname="com.atmecs.script.InsightCarrerContactScript"/>
  <testcase name="partnerValidate" time="0.367" classname="com.atmecs.script.InsightCarrerContactScript"/>
  <testcase name="partnerValidate" time="0.330" classname="com.atmecs.script.InsightCarrerContactScript"/>
  <testcase name="clickOnMedia" time="1.048" classname="com.atmecs.script.InsightCarrerContactScript"/>
  <testcase name="mediaValidate" time="0.320" classname="com.atmecs.script.InsightCarrerContactScript"/>
  <testcase name="mediaValidate" time="0.331" classname="com.atmecs.script.InsightCarrerContactScript"/>
  <testcase name="mediaValidate" time="0.335" classname="com.atmecs.script.InsightCarrerContactScript"/>
  <testcase name="mediaValidate" time="0.348" classname="com.atmecs.script.InsightCarrerContactScript"/>
  <testcase name="mediaValidate" time="0.343" classname="com.atmecs.script.InsightCarrerContactScript"/>
  <testcase name="mediaValidate" time="0.332" classname="com.atmecs.script.InsightCarrerContactScript"/>
  <testcase name="mediaValidate" time="0.333" classname="com.atmecs.script.InsightCarrerContactScript"/>
  <testcase name="mediaValidate" time="0.328" classname="com.atmecs.script.InsightCarrerContactScript"/>
  <testcase name="mediaValidate" time="0.329" classname="com.atmecs.script.InsightCarrerContactScript"/>
  <testcase name="mediaValidate" time="0.330" classname="com.atmecs.script.InsightCarrerContactScript"/>
  <testcase name="mediaValidate" time="0.332" classname="com.atmecs.script.InsightCarrerContactScript"/>
  <testcase name="mediaValidate" time="0.329" classname="com.atmecs.script.InsightCarrerContactScript"/>
  <testcase name="mediaValidate" time="0.324" classname="com.atmecs.script.InsightCarrerContactScript"/>
  <testcase name="mediaValidate" time="0.308" classname="com.atmecs.script.InsightCarrerContactScript"/>
  <testcase name="mediaValidate" time="0.326" classname="com.atmecs.script.InsightCarrerContactScript"/>
  <testcase name="mediaValidate" time="0.558" classname="com.atmecs.script.InsightCarrerContactScript"/>
  <testcase name="mediaValidate" time="0.330" classname="com.atmecs.script.InsightCarrerContactScript"/>
  <testcase name="mediaValidate" time="0.334" classname="com.atmecs.script.InsightCarrerContactScript"/>
  <testcase name="mediaValidate" time="0.337" classname="com.atmecs.script.InsightCarrerContactScript"/>
  <testcase name="mediaValidate" time="0.349" classname="com.atmecs.script.InsightCarrerContactScript"/>
  <testcase name="mediaValidate" time="0.338" classname="com.atmecs.script.InsightCarrerContactScript"/>
</testsuite> <!-- com.atmecs.script.InsightCarrerContactScript -->
