<?xml version="1.0" encoding="UTF-8"?>
<!-- Generated by org.testng.reporters.JUnitReportReporter -->
<testsuite skipped="0" hostname="ATMECSINLT-283" name="com.atmecs.script.HomeTwoScript" tests="66" failures="0" timestamp="2019-09-30T19:13:32 IST" time="16.518" errors="0">
  <testcase name="clickOnServices" time="9.107" classname="com.atmecs.script.HomeTwoScript"/>
  <testcase name="servicesFooterValidate" time="0.058" classname="com.atmecs.script.HomeTwoScript"/>
  <testcase name="servicesFooterValidate" time="0.051" classname="com.atmecs.script.HomeTwoScript"/>
  <testcase name="servicesFooterValidate" time="0.051" classname="com.atmecs.script.HomeTwoScript"/>
  <testcase name="servicesFooterValidate" time="0.056" classname="com.atmecs.script.HomeTwoScript"/>
  <testcase name="servicesFooterValidate" time="0.072" classname="com.atmecs.script.HomeTwoScript"/>
  <testcase name="servicesFooterValidate" time="0.054" classname="com.atmecs.script.HomeTwoScript"/>
  <testcase name="servicesFooterValidate" time="0.054" classname="com.atmecs.script.HomeTwoScript"/>
  <testcase name="servicesFooterValidate" time="0.055" classname="com.atmecs.script.HomeTwoScript"/>
  <testcase name="servicesFooterValidate" time="0.057" classname="com.atmecs.script.HomeTwoScript"/>
  <testcase name="servicesFooterValidate" time="0.036" classname="com.atmecs.script.HomeTwoScript"/>
  <testcase name="servicesFooterValidate" time="0.053" classname="com.atmecs.script.HomeTwoScript"/>
  <testcase name="servicesFooterValidate" time="0.040" classname="com.atmecs.script.HomeTwoScript"/>
  <testcase name="servicesFooterValidate" time="0.056" classname="com.atmecs.script.HomeTwoScript"/>
  <testcase name="servicesFooterValidate" time="0.056" classname="com.atmecs.script.HomeTwoScript"/>
  <testcase name="servicesFooterValidate" time="0.061" classname="com.atmecs.script.HomeTwoScript"/>
  <testcase name="servicesFooterValidate" time="0.057" classname="com.atmecs.script.HomeTwoScript"/>
  <testcase name="servicesFooterValidate" time="0.061" classname="com.atmecs.script.HomeTwoScript"/>
  <testcase name="servicesFooterValidate" time="0.064" classname="com.atmecs.script.HomeTwoScript"/>
  <testcase name="servicesFooterValidate" time="0.055" classname="com.atmecs.script.HomeTwoScript"/>
  <testcase name="servicesFooterValidate" time="0.039" classname="com.atmecs.script.HomeTwoScript"/>
  <testcase name="servicesFooterValidate" time="0.054" classname="com.atmecs.script.HomeTwoScript"/>
  <testcase name="clickOnPartner" time="4.167" classname="com.atmecs.script.HomeTwoScript"/>
  <testcase name="partnerValidate" time="0.051" classname="com.atmecs.script.HomeTwoScript"/>
  <testcase name="partnerValidate" time="0.057" classname="com.atmecs.script.HomeTwoScript"/>
  <testcase name="partnerValidate" time="0.054" classname="com.atmecs.script.HomeTwoScript"/>
  <testcase name="partnerValidate" time="0.039" classname="com.atmecs.script.HomeTwoScript"/>
  <testcase name="partnerValidate" time="0.052" classname="com.atmecs.script.HomeTwoScript"/>
  <testcase name="partnerValidate" time="0.055" classname="com.atmecs.script.HomeTwoScript"/>
  <testcase name="partnerValidate" time="0.057" classname="com.atmecs.script.HomeTwoScript"/>
  <testcase name="partnerValidate" time="0.063" classname="com.atmecs.script.HomeTwoScript"/>
  <testcase name="partnerValidate" time="0.050" classname="com.atmecs.script.HomeTwoScript"/>
  <testcase name="partnerValidate" time="0.056" classname="com.atmecs.script.HomeTwoScript"/>
  <testcase name="partnerValidate" time="0.053" classname="com.atmecs.script.HomeTwoScript"/>
  <testcase name="partnerValidate" time="0.036" classname="com.atmecs.script.HomeTwoScript"/>
  <testcase name="partnerValidate" time="0.050" classname="com.atmecs.script.HomeTwoScript"/>
  <testcase name="partnerValidate" time="0.057" classname="com.atmecs.script.HomeTwoScript"/>
  <testcase name="partnerValidate" time="0.050" classname="com.atmecs.script.HomeTwoScript"/>
  <testcase name="partnerValidate" time="0.072" classname="com.atmecs.script.HomeTwoScript"/>
  <testcase name="partnerValidate" time="0.055" classname="com.atmecs.script.HomeTwoScript"/>
  <testcase name="partnerValidate" time="0.037" classname="com.atmecs.script.HomeTwoScript"/>
  <testcase name="partnerValidate" time="0.061" classname="com.atmecs.script.HomeTwoScript"/>
  <testcase name="partnerValidate" time="0.054" classname="com.atmecs.script.HomeTwoScript"/>
  <testcase name="partnerValidate" time="0.057" classname="com.atmecs.script.HomeTwoScript"/>
  <testcase name="clickOnMedia" time="0.147" classname="com.atmecs.script.HomeTwoScript"/>
  <testcase name="mediaValidate" time="0.038" classname="com.atmecs.script.HomeTwoScript"/>
  <testcase name="mediaValidate" time="0.041" classname="com.atmecs.script.HomeTwoScript"/>
  <testcase name="mediaValidate" time="0.041" classname="com.atmecs.script.HomeTwoScript"/>
  <testcase name="mediaValidate" time="0.051" classname="com.atmecs.script.HomeTwoScript"/>
  <testcase name="mediaValidate" time="0.037" classname="com.atmecs.script.HomeTwoScript"/>
  <testcase name="mediaValidate" time="0.040" classname="com.atmecs.script.HomeTwoScript"/>
  <testcase name="mediaValidate" time="0.039" classname="com.atmecs.script.HomeTwoScript"/>
  <testcase name="mediaValidate" time="0.034" classname="com.atmecs.script.HomeTwoScript"/>
  <testcase name="mediaValidate" time="0.042" classname="com.atmecs.script.HomeTwoScript"/>
  <testcase name="mediaValidate" time="0.041" classname="com.atmecs.script.HomeTwoScript"/>
  <testcase name="mediaValidate" time="0.043" classname="com.atmecs.script.HomeTwoScript"/>
  <testcase name="mediaValidate" time="0.044" classname="com.atmecs.script.HomeTwoScript"/>
  <testcase name="mediaValidate" time="0.033" classname="com.atmecs.script.HomeTwoScript"/>
  <testcase name="mediaValidate" time="0.040" classname="com.atmecs.script.HomeTwoScript"/>
  <testcase name="mediaValidate" time="0.036" classname="com.atmecs.script.HomeTwoScript"/>
  <testcase name="mediaValidate" time="0.041" classname="com.atmecs.script.HomeTwoScript"/>
  <testcase name="mediaValidate" time="0.041" classname="com.atmecs.script.HomeTwoScript"/>
  <testcase name="mediaValidate" time="0.039" classname="com.atmecs.script.HomeTwoScript"/>
  <testcase name="mediaValidate" time="0.044" classname="com.atmecs.script.HomeTwoScript"/>
  <testcase name="mediaValidate" time="0.035" classname="com.atmecs.script.HomeTwoScript"/>
  <testcase name="mediaValidate" time="0.041" classname="com.atmecs.script.HomeTwoScript"/>
</testsuite> <!-- com.atmecs.script.HomeTwoScript -->
