<?xml version="1.0" encoding="UTF-8"?>
<!-- Generated by org.testng.reporters.JUnitReportReporter -->
<testsuite skipped="0" hostname="ATMECSINLT-283" name="com.atmecs.scenerios.script.MoreInfoScriptForth" tests="2" failures="0" timestamp="2019-10-03T21:32:40 IST" time="4.968" errors="0">
  <testcase name="clickOnInfoForth" time="2.376" classname="com.atmecs.scenerios.script.MoreInfoScriptForth"/>
  <testcase name="ValiadteBreadCrumb" time="2.592" classname="com.atmecs.scenerios.script.MoreInfoScriptForth"/>
</testsuite> <!-- com.atmecs.scenerios.script.MoreInfoScriptForth -->
