<?xml version="1.0" encoding="UTF-8"?>
<!-- Generated by org.testng.reporters.JUnitReportReporter -->
<testsuite skipped="0" hostname="ATMECSINLT-283" name="com.atmecs.script.AtmecsScript$ClickOnMoreInfoScript" tests="6" failures="0" timestamp="2019-10-04T14:42:14 IST" time="38.636" errors="0">
  <testcase name="clickOnExploreNow" time="9.139" classname="com.atmecs.script.AtmecsScript$ClickOnMoreInfoScript"/>
  <testcase name="clickOnMoreInfo" time="4.939" classname="com.atmecs.script.AtmecsScript$ClickOnMoreInfoScript"/>
  <testcase name="clickOnMoreInfo" time="5.782" classname="com.atmecs.script.AtmecsScript$ClickOnMoreInfoScript"/>
  <testcase name="clickOnMoreInfo" time="6.358" classname="com.atmecs.script.AtmecsScript$ClickOnMoreInfoScript"/>
  <testcase name="clickOnMoreInfo" time="6.700" classname="com.atmecs.script.AtmecsScript$ClickOnMoreInfoScript"/>
  <testcase name="clickOnMoreInfo" time="5.718" classname="com.atmecs.script.AtmecsScript$ClickOnMoreInfoScript"/>
</testsuite> <!-- com.atmecs.script.AtmecsScript$ClickOnMoreInfoScript -->
