<?xml version="1.0" encoding="UTF-8"?>
<!-- Generated by org.testng.reporters.JUnitReportReporter -->
<testsuite skipped="0" hostname="ATMECSINLT-283" name="com.atmecs.scenerios.script.MoreInfoScriptFive" tests="2" failures="0" timestamp="2019-10-03T21:32:40 IST" time="5.967" errors="0">
  <testcase name="clickOnInfoFifth" time="2.436" classname="com.atmecs.scenerios.script.MoreInfoScriptFive"/>
  <testcase name="ValiadteBreadCrumb" time="3.531" classname="com.atmecs.scenerios.script.MoreInfoScriptFive"/>
</testsuite> <!-- com.atmecs.scenerios.script.MoreInfoScriptFive -->
