<?xml version="1.0" encoding="UTF-8"?>
<!-- Generated by org.testng.reporters.JUnitReportReporter -->
<testsuite skipped="0" hostname="ATMECSINLT-283" name="com.atmecs.script.FinalBlogScript" tests="3" failures="0" timestamp="2019-10-01T20:34:42 IST" time="14.723" errors="0">
  <testcase name="hoverOnSight" time="13.325" classname="com.atmecs.script.FinalBlogScript"/>
  <testcase name="validateBlog" time="0.760" classname="com.atmecs.script.FinalBlogScript"/>
  <testcase name="clickSumit" time="0.638" classname="com.atmecs.script.FinalBlogScript"/>
</testsuite> <!-- com.atmecs.script.FinalBlogScript -->
