<?xml version="1.0" encoding="UTF-8"?>
<!-- Generated by org.testng.reporters.JUnitReportReporter -->
<testsuite skipped="0" hostname="ATMECSINLT-283" name="com.atmecs.scenerios.script.HomePageScriptScenrio" tests="1" failures="0" timestamp="2019-10-03T14:12:35 IST" time="5.929" errors="0">
  <testcase name="ClickOnExplore" time="5.929" classname="com.atmecs.scenerios.script.HomePageScriptScenrio"/>
</testsuite> <!-- com.atmecs.scenerios.script.HomePageScriptScenrio -->
