<?xml version="1.0" encoding="UTF-8"?>
<!-- Generated by org.testng.reporters.JUnitReportReporter -->
<testsuite skipped="0" hostname="ATMECSINLT-283" name="com.atmecs.scenerios.script.MoreInfoScriptForth" tests="2" failures="0" timestamp="2019-10-04T10:43:04 IST" time="6.071" errors="0">
  <testcase name="clickOnInfoForth" time="2.494" classname="com.atmecs.scenerios.script.MoreInfoScriptForth"/>
  <testcase name="ValiadteBreadCrumb" time="3.577" classname="com.atmecs.scenerios.script.MoreInfoScriptForth"/>
</testsuite> <!-- com.atmecs.scenerios.script.MoreInfoScriptForth -->
