<?xml version="1.0" encoding="UTF-8"?>
<!-- Generated by org.testng.reporters.JUnitReportReporter -->
<testsuite skipped="0" hostname="ATMECSINLT-283" name="com.atmecs.script.HomeAboutusFooterScript" tests="44" failures="0" timestamp="2019-10-01T20:12:18 IST" time="24.092" errors="0">
  <testcase name="clickHome" time="4.642" classname="com.atmecs.script.HomeAboutusFooterScript"/>
  <testcase name="homefooterValidate" time="0.372" classname="com.atmecs.script.HomeAboutusFooterScript"/>
  <testcase name="homefooterValidate" time="0.374" classname="com.atmecs.script.HomeAboutusFooterScript"/>
  <testcase name="homefooterValidate" time="0.413" classname="com.atmecs.script.HomeAboutusFooterScript"/>
  <testcase name="homefooterValidate" time="0.349" classname="com.atmecs.script.HomeAboutusFooterScript"/>
  <testcase name="homefooterValidate" time="0.350" classname="com.atmecs.script.HomeAboutusFooterScript"/>
  <testcase name="homefooterValidate" time="0.369" classname="com.atmecs.script.HomeAboutusFooterScript"/>
  <testcase name="homefooterValidate" time="0.375" classname="com.atmecs.script.HomeAboutusFooterScript"/>
  <testcase name="homefooterValidate" time="0.373" classname="com.atmecs.script.HomeAboutusFooterScript"/>
  <testcase name="homefooterValidate" time="0.361" classname="com.atmecs.script.HomeAboutusFooterScript"/>
  <testcase name="homefooterValidate" time="0.374" classname="com.atmecs.script.HomeAboutusFooterScript"/>
  <testcase name="homefooterValidate" time="0.380" classname="com.atmecs.script.HomeAboutusFooterScript"/>
  <testcase name="homefooterValidate" time="0.355" classname="com.atmecs.script.HomeAboutusFooterScript"/>
  <testcase name="homefooterValidate" time="0.409" classname="com.atmecs.script.HomeAboutusFooterScript"/>
  <testcase name="homefooterValidate" time="0.355" classname="com.atmecs.script.HomeAboutusFooterScript"/>
  <testcase name="homefooterValidate" time="0.392" classname="com.atmecs.script.HomeAboutusFooterScript"/>
  <testcase name="homefooterValidate" time="0.369" classname="com.atmecs.script.HomeAboutusFooterScript"/>
  <testcase name="homefooterValidate" time="0.375" classname="com.atmecs.script.HomeAboutusFooterScript"/>
  <testcase name="homefooterValidate" time="0.381" classname="com.atmecs.script.HomeAboutusFooterScript"/>
  <testcase name="homefooterValidate" time="0.371" classname="com.atmecs.script.HomeAboutusFooterScript"/>
  <testcase name="homefooterValidate" time="0.333" classname="com.atmecs.script.HomeAboutusFooterScript"/>
  <testcase name="homefooterValidate" time="0.375" classname="com.atmecs.script.HomeAboutusFooterScript"/>
  <testcase name="clickOnAbout" time="3.890" classname="com.atmecs.script.HomeAboutusFooterScript"/>
  <testcase name="aboutUsFooter" time="0.358" classname="com.atmecs.script.HomeAboutusFooterScript"/>
  <testcase name="aboutUsFooter" time="0.373" classname="com.atmecs.script.HomeAboutusFooterScript"/>
  <testcase name="aboutUsFooter" time="0.378" classname="com.atmecs.script.HomeAboutusFooterScript"/>
  <testcase name="aboutUsFooter" time="0.371" classname="com.atmecs.script.HomeAboutusFooterScript"/>
  <testcase name="aboutUsFooter" time="0.364" classname="com.atmecs.script.HomeAboutusFooterScript"/>
  <testcase name="aboutUsFooter" time="0.374" classname="com.atmecs.script.HomeAboutusFooterScript"/>
  <testcase name="aboutUsFooter" time="0.360" classname="com.atmecs.script.HomeAboutusFooterScript"/>
  <testcase name="aboutUsFooter" time="0.356" classname="com.atmecs.script.HomeAboutusFooterScript"/>
  <testcase name="aboutUsFooter" time="0.373" classname="com.atmecs.script.HomeAboutusFooterScript"/>
  <testcase name="aboutUsFooter" time="0.352" classname="com.atmecs.script.HomeAboutusFooterScript"/>
  <testcase name="aboutUsFooter" time="0.375" classname="com.atmecs.script.HomeAboutusFooterScript"/>
  <testcase name="aboutUsFooter" time="0.353" classname="com.atmecs.script.HomeAboutusFooterScript"/>
  <testcase name="aboutUsFooter" time="0.376" classname="com.atmecs.script.HomeAboutusFooterScript"/>
  <testcase name="aboutUsFooter" time="0.349" classname="com.atmecs.script.HomeAboutusFooterScript"/>
  <testcase name="aboutUsFooter" time="0.502" classname="com.atmecs.script.HomeAboutusFooterScript"/>
  <testcase name="aboutUsFooter" time="0.332" classname="com.atmecs.script.HomeAboutusFooterScript"/>
  <testcase name="aboutUsFooter" time="0.376" classname="com.atmecs.script.HomeAboutusFooterScript"/>
  <testcase name="aboutUsFooter" time="0.351" classname="com.atmecs.script.HomeAboutusFooterScript"/>
  <testcase name="aboutUsFooter" time="0.355" classname="com.atmecs.script.HomeAboutusFooterScript"/>
  <testcase name="aboutUsFooter" time="0.369" classname="com.atmecs.script.HomeAboutusFooterScript"/>
  <testcase name="aboutUsFooter" time="0.358" classname="com.atmecs.script.HomeAboutusFooterScript"/>
</testsuite> <!-- com.atmecs.script.HomeAboutusFooterScript -->
