<?xml version="1.0" encoding="UTF-8"?>
<!-- Generated by org.testng.reporters.JUnitReportReporter -->
<testsuite skipped="0" hostname="ATMECSINLT-283" name="com.atmecs.scenerios.script.MoreInfoScriptThird" tests="2" failures="0" timestamp="2019-10-04T10:43:04 IST" time="5.202" errors="0">
  <testcase name="clickOnInfomorethird" time="2.292" classname="com.atmecs.scenerios.script.MoreInfoScriptThird"/>
  <testcase name="validateInfothirdbread" time="2.910" classname="com.atmecs.scenerios.script.MoreInfoScriptThird"/>
</testsuite> <!-- com.atmecs.scenerios.script.MoreInfoScriptThird -->
