<?xml version="1.0" encoding="UTF-8"?>
<!-- Generated by org.testng.reporters.JUnitReportReporter -->
<testsuite skipped="0" hostname="ATMECSINLT-283" name="com.atmecs.scenerios.script.MoreInfoOneScript" tests="2" failures="0" timestamp="2019-10-04T10:43:04 IST" time="6.954" errors="0">
  <testcase name="clickOnInfo" time="2.879" classname="com.atmecs.scenerios.script.MoreInfoOneScript"/>
  <testcase name="validateBrudInfo1" time="4.075" classname="com.atmecs.scenerios.script.MoreInfoOneScript"/>
</testsuite> <!-- com.atmecs.scenerios.script.MoreInfoOneScript -->
