<?xml version="1.0" encoding="UTF-8"?>
<!-- Generated by org.testng.reporters.JUnitReportReporter -->
<testsuite skipped="0" hostname="ATMECSINLT-283" name="com.atmecs.script.ServicePartnerMediaScript" tests="66" failures="0" timestamp="2019-10-01T20:12:18 IST" time="36.675" errors="0">
  <testcase name="clickOnInsight" time="1.441" classname="com.atmecs.script.ServicePartnerMediaScript"/>
  <testcase name="ValiadteInsightFooter" time="0.339" classname="com.atmecs.script.ServicePartnerMediaScript"/>
  <testcase name="ValiadteInsightFooter" time="0.330" classname="com.atmecs.script.ServicePartnerMediaScript"/>
  <testcase name="ValiadteInsightFooter" time="0.345" classname="com.atmecs.script.ServicePartnerMediaScript"/>
  <testcase name="ValiadteInsightFooter" time="0.326" classname="com.atmecs.script.ServicePartnerMediaScript"/>
  <testcase name="ValiadteInsightFooter" time="0.331" classname="com.atmecs.script.ServicePartnerMediaScript"/>
  <testcase name="ValiadteInsightFooter" time="0.328" classname="com.atmecs.script.ServicePartnerMediaScript"/>
  <testcase name="ValiadteInsightFooter" time="0.333" classname="com.atmecs.script.ServicePartnerMediaScript"/>
  <testcase name="ValiadteInsightFooter" time="0.319" classname="com.atmecs.script.ServicePartnerMediaScript"/>
  <testcase name="ValiadteInsightFooter" time="0.345" classname="com.atmecs.script.ServicePartnerMediaScript"/>
  <testcase name="ValiadteInsightFooter" time="0.389" classname="com.atmecs.script.ServicePartnerMediaScript"/>
  <testcase name="ValiadteInsightFooter" time="0.348" classname="com.atmecs.script.ServicePartnerMediaScript"/>
  <testcase name="ValiadteInsightFooter" time="0.333" classname="com.atmecs.script.ServicePartnerMediaScript"/>
  <testcase name="ValiadteInsightFooter" time="0.339" classname="com.atmecs.script.ServicePartnerMediaScript"/>
  <testcase name="ValiadteInsightFooter" time="0.345" classname="com.atmecs.script.ServicePartnerMediaScript"/>
  <testcase name="ValiadteInsightFooter" time="0.341" classname="com.atmecs.script.ServicePartnerMediaScript"/>
  <testcase name="ValiadteInsightFooter" time="0.325" classname="com.atmecs.script.ServicePartnerMediaScript"/>
  <testcase name="ValiadteInsightFooter" time="0.326" classname="com.atmecs.script.ServicePartnerMediaScript"/>
  <testcase name="ValiadteInsightFooter" time="0.324" classname="com.atmecs.script.ServicePartnerMediaScript"/>
  <testcase name="ValiadteInsightFooter" time="0.340" classname="com.atmecs.script.ServicePartnerMediaScript"/>
  <testcase name="ValiadteInsightFooter" time="0.332" classname="com.atmecs.script.ServicePartnerMediaScript"/>
  <testcase name="ValiadteInsightFooter" time="0.332" classname="com.atmecs.script.ServicePartnerMediaScript"/>
  <testcase name="clickOnCarrer" time="5.389" classname="com.atmecs.script.ServicePartnerMediaScript"/>
  <testcase name="ValidateInsight" time="0.353" classname="com.atmecs.script.ServicePartnerMediaScript"/>
  <testcase name="ValidateInsight" time="0.332" classname="com.atmecs.script.ServicePartnerMediaScript"/>
  <testcase name="ValidateInsight" time="0.350" classname="com.atmecs.script.ServicePartnerMediaScript"/>
  <testcase name="ValidateInsight" time="0.373" classname="com.atmecs.script.ServicePartnerMediaScript"/>
  <testcase name="ValidateInsight" time="0.335" classname="com.atmecs.script.ServicePartnerMediaScript"/>
  <testcase name="ValidateInsight" time="0.355" classname="com.atmecs.script.ServicePartnerMediaScript"/>
  <testcase name="ValidateInsight" time="0.353" classname="com.atmecs.script.ServicePartnerMediaScript"/>
  <testcase name="ValidateInsight" time="0.364" classname="com.atmecs.script.ServicePartnerMediaScript"/>
  <testcase name="ValidateInsight" time="0.370" classname="com.atmecs.script.ServicePartnerMediaScript"/>
  <testcase name="ValidateInsight" time="0.445" classname="com.atmecs.script.ServicePartnerMediaScript"/>
  <testcase name="ValidateInsight" time="0.375" classname="com.atmecs.script.ServicePartnerMediaScript"/>
  <testcase name="ValidateInsight" time="0.371" classname="com.atmecs.script.ServicePartnerMediaScript"/>
  <testcase name="ValidateInsight" time="0.362" classname="com.atmecs.script.ServicePartnerMediaScript"/>
  <testcase name="ValidateInsight" time="0.355" classname="com.atmecs.script.ServicePartnerMediaScript"/>
  <testcase name="ValidateInsight" time="0.372" classname="com.atmecs.script.ServicePartnerMediaScript"/>
  <testcase name="ValidateInsight" time="0.378" classname="com.atmecs.script.ServicePartnerMediaScript"/>
  <testcase name="ValidateInsight" time="0.335" classname="com.atmecs.script.ServicePartnerMediaScript"/>
  <testcase name="ValidateInsight" time="0.372" classname="com.atmecs.script.ServicePartnerMediaScript"/>
  <testcase name="ValidateInsight" time="0.412" classname="com.atmecs.script.ServicePartnerMediaScript"/>
  <testcase name="ValidateInsight" time="0.362" classname="com.atmecs.script.ServicePartnerMediaScript"/>
  <testcase name="ValidateInsight" time="0.358" classname="com.atmecs.script.ServicePartnerMediaScript"/>
  <testcase name="clickOnContactUs" time="4.000" classname="com.atmecs.script.ServicePartnerMediaScript"/>
  <testcase name="validateContactus" time="0.524" classname="com.atmecs.script.ServicePartnerMediaScript"/>
  <testcase name="validateContactus" time="0.518" classname="com.atmecs.script.ServicePartnerMediaScript"/>
  <testcase name="validateContactus" time="0.510" classname="com.atmecs.script.ServicePartnerMediaScript"/>
  <testcase name="validateContactus" time="0.591" classname="com.atmecs.script.ServicePartnerMediaScript"/>
  <testcase name="validateContactus" time="0.495" classname="com.atmecs.script.ServicePartnerMediaScript"/>
  <testcase name="validateContactus" time="0.552" classname="com.atmecs.script.ServicePartnerMediaScript"/>
  <testcase name="validateContactus" time="0.489" classname="com.atmecs.script.ServicePartnerMediaScript"/>
  <testcase name="validateContactus" time="0.797" classname="com.atmecs.script.ServicePartnerMediaScript"/>
  <testcase name="validateContactus" time="0.484" classname="com.atmecs.script.ServicePartnerMediaScript"/>
  <testcase name="validateContactus" time="0.580" classname="com.atmecs.script.ServicePartnerMediaScript"/>
  <testcase name="validateContactus" time="0.502" classname="com.atmecs.script.ServicePartnerMediaScript"/>
  <testcase name="validateContactus" time="0.493" classname="com.atmecs.script.ServicePartnerMediaScript"/>
  <testcase name="validateContactus" time="0.512" classname="com.atmecs.script.ServicePartnerMediaScript"/>
  <testcase name="validateContactus" time="0.522" classname="com.atmecs.script.ServicePartnerMediaScript"/>
  <testcase name="validateContactus" time="0.514" classname="com.atmecs.script.ServicePartnerMediaScript"/>
  <testcase name="validateContactus" time="0.495" classname="com.atmecs.script.ServicePartnerMediaScript"/>
  <testcase name="validateContactus" time="0.506" classname="com.atmecs.script.ServicePartnerMediaScript"/>
  <testcase name="validateContactus" time="0.475" classname="com.atmecs.script.ServicePartnerMediaScript"/>
  <testcase name="validateContactus" time="0.497" classname="com.atmecs.script.ServicePartnerMediaScript"/>
  <testcase name="validateContactus" time="0.505" classname="com.atmecs.script.ServicePartnerMediaScript"/>
  <testcase name="validateContactus" time="0.532" classname="com.atmecs.script.ServicePartnerMediaScript"/>
</testsuite> <!-- com.atmecs.script.ServicePartnerMediaScript -->
