<?xml version="1.0" encoding="UTF-8"?>
<!-- Generated by org.testng.reporters.JUnitReportReporter -->
<testsuite skipped="0" hostname="ATMECSINLT-283" name="com.atmecs.scenerios.script.MoreInfoScriptForth" tests="2" failures="0" timestamp="2019-10-03T19:33:42 IST" time="5.413" errors="0">
  <testcase name="clickOnInfoForth" time="2.678" classname="com.atmecs.scenerios.script.MoreInfoScriptForth"/>
  <testcase name="ValiadteBreadCrumb" time="2.735" classname="com.atmecs.scenerios.script.MoreInfoScriptForth"/>
</testsuite> <!-- com.atmecs.scenerios.script.MoreInfoScriptForth -->
