<?xml version="1.0" encoding="UTF-8"?>
<!-- Generated by org.testng.reporters.JUnitReportReporter -->
<testsuite skipped="0" hostname="ATMECSINLT-283" name="com.atmecs.scenerios.script.MoreInfoScriptThird" tests="2" failures="0" timestamp="2019-10-03T19:33:42 IST" time="5.008" errors="0">
  <testcase name="clickOnInfomorethird" time="2.358" classname="com.atmecs.scenerios.script.MoreInfoScriptThird"/>
  <testcase name="validateInfothirdbread" time="2.650" classname="com.atmecs.scenerios.script.MoreInfoScriptThird"/>
</testsuite> <!-- com.atmecs.scenerios.script.MoreInfoScriptThird -->
