<?xml version="1.0" encoding="UTF-8"?>
<!-- Generated by org.testng.reporters.JUnitReportReporter -->
<testsuite skipped="0" hostname="ATMECSINLT-283" name="com.atmecs.scenerios.script.MoreInfoScripTwo" tests="2" failures="0" timestamp="2019-10-03T19:33:42 IST" time="5.536" errors="0">
  <testcase name="clickOnInfomore2" time="2.572" classname="com.atmecs.scenerios.script.MoreInfoScripTwo"/>
  <testcase name="valiadeinfoTwoBrud" time="2.964" classname="com.atmecs.scenerios.script.MoreInfoScripTwo"/>
</testsuite> <!-- com.atmecs.scenerios.script.MoreInfoScripTwo -->
