<?xml version="1.0" encoding="UTF-8"?>
<!-- Generated by org.testng.reporters.JUnitReportReporter -->
<testsuite skipped="0" hostname="ATMECSINLT-283" name="com.atmecs.scenerios.script.HomePageExploreScriptScenrio" tests="2" failures="0" timestamp="2019-10-03T19:33:42 IST" time="7.849" errors="0">
  <testcase name="ClickOnExplore" time="5.312" classname="com.atmecs.scenerios.script.HomePageExploreScriptScenrio"/>
  <testcase name="validateLandRight" time="2.537" classname="com.atmecs.scenerios.script.HomePageExploreScriptScenrio"/>
</testsuite> <!-- com.atmecs.scenerios.script.HomePageExploreScriptScenrio -->
