<?xml version="1.0" encoding="UTF-8"?>
<!-- Generated by org.testng.reporters.JUnitReportReporter -->
<testsuite skipped="0" hostname="ATMECSINLT-283" name="com.atmecs.scenerios.script.MoreInfoScriptFive" tests="2" failures="0" timestamp="2019-10-03T19:33:42 IST" time="6.005" errors="0">
  <testcase name="clickOnInfoFifth" time="2.309" classname="com.atmecs.scenerios.script.MoreInfoScriptFive"/>
  <testcase name="ValiadteBreadCrumb" time="3.696" classname="com.atmecs.scenerios.script.MoreInfoScriptFive"/>
</testsuite> <!-- com.atmecs.scenerios.script.MoreInfoScriptFive -->
