<?xml version="1.0" encoding="UTF-8"?>
<!-- Generated by org.testng.reporters.JUnitReportReporter -->
<testsuite skipped="0" hostname="ATMECSINLT-283" name="com.atmecs.scenerios.script.MoreInfoOneScript" tests="2" failures="0" timestamp="2019-10-03T19:33:42 IST" time="5.014" errors="0">
  <testcase name="clickOnInfo" time="2.374" classname="com.atmecs.scenerios.script.MoreInfoOneScript"/>
  <testcase name="validateBrudInfo1" time="2.640" classname="com.atmecs.scenerios.script.MoreInfoOneScript"/>
</testsuite> <!-- com.atmecs.scenerios.script.MoreInfoOneScript -->
