<?xml version="1.0" encoding="UTF-8"?>
<!-- Generated by org.testng.reporters.JUnitReportReporter -->
<testsuite skipped="0" hostname="ATMECSINLT-283" name="com.atmecs.script.HomeAboutusFooterScript" tests="44" failures="0" timestamp="2019-09-30T20:15:18 IST" time="7.186" errors="0">
  <testcase name="clickHome" time="3.084" classname="com.atmecs.script.HomeAboutusFooterScript"/>
  <testcase name="homefooterValidate" time="0.035" classname="com.atmecs.script.HomeAboutusFooterScript"/>
  <testcase name="homefooterValidate" time="0.048" classname="com.atmecs.script.HomeAboutusFooterScript"/>
  <testcase name="homefooterValidate" time="0.038" classname="com.atmecs.script.HomeAboutusFooterScript"/>
  <testcase name="homefooterValidate" time="0.037" classname="com.atmecs.script.HomeAboutusFooterScript"/>
  <testcase name="homefooterValidate" time="0.032" classname="com.atmecs.script.HomeAboutusFooterScript"/>
  <testcase name="homefooterValidate" time="0.043" classname="com.atmecs.script.HomeAboutusFooterScript"/>
  <testcase name="homefooterValidate" time="0.032" classname="com.atmecs.script.HomeAboutusFooterScript"/>
  <testcase name="homefooterValidate" time="0.035" classname="com.atmecs.script.HomeAboutusFooterScript"/>
  <testcase name="homefooterValidate" time="0.037" classname="com.atmecs.script.HomeAboutusFooterScript"/>
  <testcase name="homefooterValidate" time="0.053" classname="com.atmecs.script.HomeAboutusFooterScript"/>
  <testcase name="homefooterValidate" time="0.037" classname="com.atmecs.script.HomeAboutusFooterScript"/>
  <testcase name="homefooterValidate" time="0.043" classname="com.atmecs.script.HomeAboutusFooterScript"/>
  <testcase name="homefooterValidate" time="0.033" classname="com.atmecs.script.HomeAboutusFooterScript"/>
  <testcase name="homefooterValidate" time="0.041" classname="com.atmecs.script.HomeAboutusFooterScript"/>
  <testcase name="homefooterValidate" time="0.043" classname="com.atmecs.script.HomeAboutusFooterScript"/>
  <testcase name="homefooterValidate" time="0.038" classname="com.atmecs.script.HomeAboutusFooterScript"/>
  <testcase name="homefooterValidate" time="0.038" classname="com.atmecs.script.HomeAboutusFooterScript"/>
  <testcase name="homefooterValidate" time="0.033" classname="com.atmecs.script.HomeAboutusFooterScript"/>
  <testcase name="homefooterValidate" time="0.036" classname="com.atmecs.script.HomeAboutusFooterScript"/>
  <testcase name="homefooterValidate" time="0.031" classname="com.atmecs.script.HomeAboutusFooterScript"/>
  <testcase name="homefooterValidate" time="0.045" classname="com.atmecs.script.HomeAboutusFooterScript"/>
  <testcase name="clickOnAbout" time="2.536" classname="com.atmecs.script.HomeAboutusFooterScript"/>
  <testcase name="aboutUsFooter" time="0.038" classname="com.atmecs.script.HomeAboutusFooterScript"/>
  <testcase name="aboutUsFooter" time="0.031" classname="com.atmecs.script.HomeAboutusFooterScript"/>
  <testcase name="aboutUsFooter" time="0.034" classname="com.atmecs.script.HomeAboutusFooterScript"/>
  <testcase name="aboutUsFooter" time="0.042" classname="com.atmecs.script.HomeAboutusFooterScript"/>
  <testcase name="aboutUsFooter" time="0.035" classname="com.atmecs.script.HomeAboutusFooterScript"/>
  <testcase name="aboutUsFooter" time="0.035" classname="com.atmecs.script.HomeAboutusFooterScript"/>
  <testcase name="aboutUsFooter" time="0.044" classname="com.atmecs.script.HomeAboutusFooterScript"/>
  <testcase name="aboutUsFooter" time="0.049" classname="com.atmecs.script.HomeAboutusFooterScript"/>
  <testcase name="aboutUsFooter" time="0.024" classname="com.atmecs.script.HomeAboutusFooterScript"/>
  <testcase name="aboutUsFooter" time="0.036" classname="com.atmecs.script.HomeAboutusFooterScript"/>
  <testcase name="aboutUsFooter" time="0.028" classname="com.atmecs.script.HomeAboutusFooterScript"/>
  <testcase name="aboutUsFooter" time="0.039" classname="com.atmecs.script.HomeAboutusFooterScript"/>
  <testcase name="aboutUsFooter" time="0.034" classname="com.atmecs.script.HomeAboutusFooterScript"/>
  <testcase name="aboutUsFooter" time="0.030" classname="com.atmecs.script.HomeAboutusFooterScript"/>
  <testcase name="aboutUsFooter" time="0.038" classname="com.atmecs.script.HomeAboutusFooterScript"/>
  <testcase name="aboutUsFooter" time="0.033" classname="com.atmecs.script.HomeAboutusFooterScript"/>
  <testcase name="aboutUsFooter" time="0.047" classname="com.atmecs.script.HomeAboutusFooterScript"/>
  <testcase name="aboutUsFooter" time="0.036" classname="com.atmecs.script.HomeAboutusFooterScript"/>
  <testcase name="aboutUsFooter" time="0.034" classname="com.atmecs.script.HomeAboutusFooterScript"/>
  <testcase name="aboutUsFooter" time="0.033" classname="com.atmecs.script.HomeAboutusFooterScript"/>
  <testcase name="aboutUsFooter" time="0.038" classname="com.atmecs.script.HomeAboutusFooterScript"/>
</testsuite> <!-- com.atmecs.script.HomeAboutusFooterScript -->
