<?xml version="1.0" encoding="UTF-8"?>
<!-- Generated by org.testng.reporters.JUnitReportReporter -->
<testsuite skipped="0" hostname="ATMECSINLT-283" name="com.atmecs.script.HomeThirdScript" tests="66" failures="0" timestamp="2019-09-30T19:13:32 IST" time="9.560" errors="0">
  <testcase name="clickOnInsight" time="0.164" classname="com.atmecs.script.HomeThirdScript"/>
  <testcase name="ValiadteInsightFooter" time="0.054" classname="com.atmecs.script.HomeThirdScript"/>
  <testcase name="ValiadteInsightFooter" time="0.041" classname="com.atmecs.script.HomeThirdScript"/>
  <testcase name="ValiadteInsightFooter" time="0.040" classname="com.atmecs.script.HomeThirdScript"/>
  <testcase name="ValiadteInsightFooter" time="0.044" classname="com.atmecs.script.HomeThirdScript"/>
  <testcase name="ValiadteInsightFooter" time="0.044" classname="com.atmecs.script.HomeThirdScript"/>
  <testcase name="ValiadteInsightFooter" time="0.041" classname="com.atmecs.script.HomeThirdScript"/>
  <testcase name="ValiadteInsightFooter" time="0.040" classname="com.atmecs.script.HomeThirdScript"/>
  <testcase name="ValiadteInsightFooter" time="0.056" classname="com.atmecs.script.HomeThirdScript"/>
  <testcase name="ValiadteInsightFooter" time="0.110" classname="com.atmecs.script.HomeThirdScript"/>
  <testcase name="ValiadteInsightFooter" time="0.051" classname="com.atmecs.script.HomeThirdScript"/>
  <testcase name="ValiadteInsightFooter" time="0.041" classname="com.atmecs.script.HomeThirdScript"/>
  <testcase name="ValiadteInsightFooter" time="0.038" classname="com.atmecs.script.HomeThirdScript"/>
  <testcase name="ValiadteInsightFooter" time="0.046" classname="com.atmecs.script.HomeThirdScript"/>
  <testcase name="ValiadteInsightFooter" time="0.041" classname="com.atmecs.script.HomeThirdScript"/>
  <testcase name="ValiadteInsightFooter" time="0.042" classname="com.atmecs.script.HomeThirdScript"/>
  <testcase name="ValiadteInsightFooter" time="0.042" classname="com.atmecs.script.HomeThirdScript"/>
  <testcase name="ValiadteInsightFooter" time="0.046" classname="com.atmecs.script.HomeThirdScript"/>
  <testcase name="ValiadteInsightFooter" time="0.046" classname="com.atmecs.script.HomeThirdScript"/>
  <testcase name="ValiadteInsightFooter" time="0.041" classname="com.atmecs.script.HomeThirdScript"/>
  <testcase name="ValiadteInsightFooter" time="0.041" classname="com.atmecs.script.HomeThirdScript"/>
  <testcase name="ValiadteInsightFooter" time="0.047" classname="com.atmecs.script.HomeThirdScript"/>
  <testcase name="clickOnCarrer" time="2.348" classname="com.atmecs.script.HomeThirdScript"/>
  <testcase name="ValidateInsight" time="0.074" classname="com.atmecs.script.HomeThirdScript"/>
  <testcase name="ValidateInsight" time="0.053" classname="com.atmecs.script.HomeThirdScript"/>
  <testcase name="ValidateInsight" time="0.055" classname="com.atmecs.script.HomeThirdScript"/>
  <testcase name="ValidateInsight" time="0.052" classname="com.atmecs.script.HomeThirdScript"/>
  <testcase name="ValidateInsight" time="0.059" classname="com.atmecs.script.HomeThirdScript"/>
  <testcase name="ValidateInsight" time="0.053" classname="com.atmecs.script.HomeThirdScript"/>
  <testcase name="ValidateInsight" time="0.057" classname="com.atmecs.script.HomeThirdScript"/>
  <testcase name="ValidateInsight" time="0.061" classname="com.atmecs.script.HomeThirdScript"/>
  <testcase name="ValidateInsight" time="0.052" classname="com.atmecs.script.HomeThirdScript"/>
  <testcase name="ValidateInsight" time="0.037" classname="com.atmecs.script.HomeThirdScript"/>
  <testcase name="ValidateInsight" time="0.046" classname="com.atmecs.script.HomeThirdScript"/>
  <testcase name="ValidateInsight" time="0.062" classname="com.atmecs.script.HomeThirdScript"/>
  <testcase name="ValidateInsight" time="0.039" classname="com.atmecs.script.HomeThirdScript"/>
  <testcase name="ValidateInsight" time="0.051" classname="com.atmecs.script.HomeThirdScript"/>
  <testcase name="ValidateInsight" time="0.052" classname="com.atmecs.script.HomeThirdScript"/>
  <testcase name="ValidateInsight" time="0.047" classname="com.atmecs.script.HomeThirdScript"/>
  <testcase name="ValidateInsight" time="0.063" classname="com.atmecs.script.HomeThirdScript"/>
  <testcase name="ValidateInsight" time="0.041" classname="com.atmecs.script.HomeThirdScript"/>
  <testcase name="ValidateInsight" time="0.052" classname="com.atmecs.script.HomeThirdScript"/>
  <testcase name="ValidateInsight" time="0.054" classname="com.atmecs.script.HomeThirdScript"/>
  <testcase name="ValidateInsight" time="0.054" classname="com.atmecs.script.HomeThirdScript"/>
  <testcase name="clickOnContactUs" time="3.462" classname="com.atmecs.script.HomeThirdScript"/>
  <testcase name="validateContactus" time="0.059" classname="com.atmecs.script.HomeThirdScript"/>
  <testcase name="validateContactus" time="0.065" classname="com.atmecs.script.HomeThirdScript"/>
  <testcase name="validateContactus" time="0.071" classname="com.atmecs.script.HomeThirdScript"/>
  <testcase name="validateContactus" time="0.067" classname="com.atmecs.script.HomeThirdScript"/>
  <testcase name="validateContactus" time="0.070" classname="com.atmecs.script.HomeThirdScript"/>
  <testcase name="validateContactus" time="0.072" classname="com.atmecs.script.HomeThirdScript"/>
  <testcase name="validateContactus" time="0.065" classname="com.atmecs.script.HomeThirdScript"/>
  <testcase name="validateContactus" time="0.064" classname="com.atmecs.script.HomeThirdScript"/>
  <testcase name="validateContactus" time="0.087" classname="com.atmecs.script.HomeThirdScript"/>
  <testcase name="validateContactus" time="0.055" classname="com.atmecs.script.HomeThirdScript"/>
  <testcase name="validateContactus" time="0.073" classname="com.atmecs.script.HomeThirdScript"/>
  <testcase name="validateContactus" time="0.057" classname="com.atmecs.script.HomeThirdScript"/>
  <testcase name="validateContactus" time="0.074" classname="com.atmecs.script.HomeThirdScript"/>
  <testcase name="validateContactus" time="0.068" classname="com.atmecs.script.HomeThirdScript"/>
  <testcase name="validateContactus" time="0.065" classname="com.atmecs.script.HomeThirdScript"/>
  <testcase name="validateContactus" time="0.081" classname="com.atmecs.script.HomeThirdScript"/>
  <testcase name="validateContactus" time="0.078" classname="com.atmecs.script.HomeThirdScript"/>
  <testcase name="validateContactus" time="0.099" classname="com.atmecs.script.HomeThirdScript"/>
  <testcase name="validateContactus" time="0.073" classname="com.atmecs.script.HomeThirdScript"/>
  <testcase name="validateContactus" time="0.068" classname="com.atmecs.script.HomeThirdScript"/>
  <testcase name="validateContactus" time="0.069" classname="com.atmecs.script.HomeThirdScript"/>
</testsuite> <!-- com.atmecs.script.HomeThirdScript -->
