<?xml version="1.0" encoding="UTF-8"?>
<!-- Generated by org.testng.reporters.JUnitReportReporter -->
<testsuite skipped="0" hostname="ATMECSINLT-283" name="com.atmecs.script.ServicePartnerMediaScript" tests="66" failures="0" timestamp="2019-09-30T20:15:18 IST" time="9.629" errors="0">
  <testcase name="clickOnInsight" time="0.105" classname="com.atmecs.script.ServicePartnerMediaScript"/>
  <testcase name="ValiadteInsightFooter" time="0.026" classname="com.atmecs.script.ServicePartnerMediaScript"/>
  <testcase name="ValiadteInsightFooter" time="0.030" classname="com.atmecs.script.ServicePartnerMediaScript"/>
  <testcase name="ValiadteInsightFooter" time="0.022" classname="com.atmecs.script.ServicePartnerMediaScript"/>
  <testcase name="ValiadteInsightFooter" time="0.032" classname="com.atmecs.script.ServicePartnerMediaScript"/>
  <testcase name="ValiadteInsightFooter" time="0.041" classname="com.atmecs.script.ServicePartnerMediaScript"/>
  <testcase name="ValiadteInsightFooter" time="0.027" classname="com.atmecs.script.ServicePartnerMediaScript"/>
  <testcase name="ValiadteInsightFooter" time="0.027" classname="com.atmecs.script.ServicePartnerMediaScript"/>
  <testcase name="ValiadteInsightFooter" time="0.053" classname="com.atmecs.script.ServicePartnerMediaScript"/>
  <testcase name="ValiadteInsightFooter" time="0.038" classname="com.atmecs.script.ServicePartnerMediaScript"/>
  <testcase name="ValiadteInsightFooter" time="0.023" classname="com.atmecs.script.ServicePartnerMediaScript"/>
  <testcase name="ValiadteInsightFooter" time="0.033" classname="com.atmecs.script.ServicePartnerMediaScript"/>
  <testcase name="ValiadteInsightFooter" time="0.038" classname="com.atmecs.script.ServicePartnerMediaScript"/>
  <testcase name="ValiadteInsightFooter" time="0.027" classname="com.atmecs.script.ServicePartnerMediaScript"/>
  <testcase name="ValiadteInsightFooter" time="0.038" classname="com.atmecs.script.ServicePartnerMediaScript"/>
  <testcase name="ValiadteInsightFooter" time="0.033" classname="com.atmecs.script.ServicePartnerMediaScript"/>
  <testcase name="ValiadteInsightFooter" time="0.036" classname="com.atmecs.script.ServicePartnerMediaScript"/>
  <testcase name="ValiadteInsightFooter" time="0.028" classname="com.atmecs.script.ServicePartnerMediaScript"/>
  <testcase name="ValiadteInsightFooter" time="0.031" classname="com.atmecs.script.ServicePartnerMediaScript"/>
  <testcase name="ValiadteInsightFooter" time="0.035" classname="com.atmecs.script.ServicePartnerMediaScript"/>
  <testcase name="ValiadteInsightFooter" time="0.026" classname="com.atmecs.script.ServicePartnerMediaScript"/>
  <testcase name="ValiadteInsightFooter" time="0.031" classname="com.atmecs.script.ServicePartnerMediaScript"/>
  <testcase name="clickOnCarrer" time="3.438" classname="com.atmecs.script.ServicePartnerMediaScript"/>
  <testcase name="ValidateInsight" time="0.032" classname="com.atmecs.script.ServicePartnerMediaScript"/>
  <testcase name="ValidateInsight" time="0.039" classname="com.atmecs.script.ServicePartnerMediaScript"/>
  <testcase name="ValidateInsight" time="0.036" classname="com.atmecs.script.ServicePartnerMediaScript"/>
  <testcase name="ValidateInsight" time="0.042" classname="com.atmecs.script.ServicePartnerMediaScript"/>
  <testcase name="ValidateInsight" time="0.033" classname="com.atmecs.script.ServicePartnerMediaScript"/>
  <testcase name="ValidateInsight" time="0.037" classname="com.atmecs.script.ServicePartnerMediaScript"/>
  <testcase name="ValidateInsight" time="0.025" classname="com.atmecs.script.ServicePartnerMediaScript"/>
  <testcase name="ValidateInsight" time="0.034" classname="com.atmecs.script.ServicePartnerMediaScript"/>
  <testcase name="ValidateInsight" time="0.021" classname="com.atmecs.script.ServicePartnerMediaScript"/>
  <testcase name="ValidateInsight" time="0.047" classname="com.atmecs.script.ServicePartnerMediaScript"/>
  <testcase name="ValidateInsight" time="0.032" classname="com.atmecs.script.ServicePartnerMediaScript"/>
  <testcase name="ValidateInsight" time="0.033" classname="com.atmecs.script.ServicePartnerMediaScript"/>
  <testcase name="ValidateInsight" time="0.038" classname="com.atmecs.script.ServicePartnerMediaScript"/>
  <testcase name="ValidateInsight" time="0.039" classname="com.atmecs.script.ServicePartnerMediaScript"/>
  <testcase name="ValidateInsight" time="0.040" classname="com.atmecs.script.ServicePartnerMediaScript"/>
  <testcase name="ValidateInsight" time="0.023" classname="com.atmecs.script.ServicePartnerMediaScript"/>
  <testcase name="ValidateInsight" time="0.032" classname="com.atmecs.script.ServicePartnerMediaScript"/>
  <testcase name="ValidateInsight" time="0.034" classname="com.atmecs.script.ServicePartnerMediaScript"/>
  <testcase name="ValidateInsight" time="0.033" classname="com.atmecs.script.ServicePartnerMediaScript"/>
  <testcase name="ValidateInsight" time="0.046" classname="com.atmecs.script.ServicePartnerMediaScript"/>
  <testcase name="ValidateInsight" time="0.040" classname="com.atmecs.script.ServicePartnerMediaScript"/>
  <testcase name="clickOnContactUs" time="3.645" classname="com.atmecs.script.ServicePartnerMediaScript"/>
  <testcase name="validateContactus" time="0.050" classname="com.atmecs.script.ServicePartnerMediaScript"/>
  <testcase name="validateContactus" time="0.050" classname="com.atmecs.script.ServicePartnerMediaScript"/>
  <testcase name="validateContactus" time="0.047" classname="com.atmecs.script.ServicePartnerMediaScript"/>
  <testcase name="validateContactus" time="0.051" classname="com.atmecs.script.ServicePartnerMediaScript"/>
  <testcase name="validateContactus" time="0.050" classname="com.atmecs.script.ServicePartnerMediaScript"/>
  <testcase name="validateContactus" time="0.044" classname="com.atmecs.script.ServicePartnerMediaScript"/>
  <testcase name="validateContactus" time="0.054" classname="com.atmecs.script.ServicePartnerMediaScript"/>
  <testcase name="validateContactus" time="0.050" classname="com.atmecs.script.ServicePartnerMediaScript"/>
  <testcase name="validateContactus" time="0.051" classname="com.atmecs.script.ServicePartnerMediaScript"/>
  <testcase name="validateContactus" time="0.054" classname="com.atmecs.script.ServicePartnerMediaScript"/>
  <testcase name="validateContactus" time="0.052" classname="com.atmecs.script.ServicePartnerMediaScript"/>
  <testcase name="validateContactus" time="0.040" classname="com.atmecs.script.ServicePartnerMediaScript"/>
  <testcase name="validateContactus" time="0.053" classname="com.atmecs.script.ServicePartnerMediaScript"/>
  <testcase name="validateContactus" time="0.046" classname="com.atmecs.script.ServicePartnerMediaScript"/>
  <testcase name="validateContactus" time="0.048" classname="com.atmecs.script.ServicePartnerMediaScript"/>
  <testcase name="validateContactus" time="0.041" classname="com.atmecs.script.ServicePartnerMediaScript"/>
  <testcase name="validateContactus" time="0.051" classname="com.atmecs.script.ServicePartnerMediaScript"/>
  <testcase name="validateContactus" time="0.045" classname="com.atmecs.script.ServicePartnerMediaScript"/>
  <testcase name="validateContactus" time="0.048" classname="com.atmecs.script.ServicePartnerMediaScript"/>
  <testcase name="validateContactus" time="0.053" classname="com.atmecs.script.ServicePartnerMediaScript"/>
  <testcase name="validateContactus" time="0.052" classname="com.atmecs.script.ServicePartnerMediaScript"/>
</testsuite> <!-- com.atmecs.script.ServicePartnerMediaScript -->
