<?xml version="1.0" encoding="UTF-8"?>
<!-- Generated by org.testng.reporters.JUnitReportReporter -->
<testsuite skipped="0" hostname="ATMECSINLT-283" name="com.atmecs.script.InsightCarrerContactScript" tests="66" failures="0" timestamp="2019-09-30T20:15:18 IST" time="12.709" errors="0">
  <testcase name="clickOnServices" time="7.340" classname="com.atmecs.script.InsightCarrerContactScript"/>
  <testcase name="servicesFooterValidate" time="0.036" classname="com.atmecs.script.InsightCarrerContactScript"/>
  <testcase name="servicesFooterValidate" time="0.029" classname="com.atmecs.script.InsightCarrerContactScript"/>
  <testcase name="servicesFooterValidate" time="0.036" classname="com.atmecs.script.InsightCarrerContactScript"/>
  <testcase name="servicesFooterValidate" time="0.063" classname="com.atmecs.script.InsightCarrerContactScript"/>
  <testcase name="servicesFooterValidate" time="0.042" classname="com.atmecs.script.InsightCarrerContactScript"/>
  <testcase name="servicesFooterValidate" time="0.037" classname="com.atmecs.script.InsightCarrerContactScript"/>
  <testcase name="servicesFooterValidate" time="0.034" classname="com.atmecs.script.InsightCarrerContactScript"/>
  <testcase name="servicesFooterValidate" time="0.027" classname="com.atmecs.script.InsightCarrerContactScript"/>
  <testcase name="servicesFooterValidate" time="0.034" classname="com.atmecs.script.InsightCarrerContactScript"/>
  <testcase name="servicesFooterValidate" time="0.036" classname="com.atmecs.script.InsightCarrerContactScript"/>
  <testcase name="servicesFooterValidate" time="0.038" classname="com.atmecs.script.InsightCarrerContactScript"/>
  <testcase name="servicesFooterValidate" time="0.076" classname="com.atmecs.script.InsightCarrerContactScript"/>
  <testcase name="servicesFooterValidate" time="0.028" classname="com.atmecs.script.InsightCarrerContactScript"/>
  <testcase name="servicesFooterValidate" time="0.038" classname="com.atmecs.script.InsightCarrerContactScript"/>
  <testcase name="servicesFooterValidate" time="0.040" classname="com.atmecs.script.InsightCarrerContactScript"/>
  <testcase name="servicesFooterValidate" time="0.031" classname="com.atmecs.script.InsightCarrerContactScript"/>
  <testcase name="servicesFooterValidate" time="0.041" classname="com.atmecs.script.InsightCarrerContactScript"/>
  <testcase name="servicesFooterValidate" time="0.030" classname="com.atmecs.script.InsightCarrerContactScript"/>
  <testcase name="servicesFooterValidate" time="0.038" classname="com.atmecs.script.InsightCarrerContactScript"/>
  <testcase name="servicesFooterValidate" time="0.031" classname="com.atmecs.script.InsightCarrerContactScript"/>
  <testcase name="servicesFooterValidate" time="0.038" classname="com.atmecs.script.InsightCarrerContactScript"/>
  <testcase name="clickOnPartner" time="3.195" classname="com.atmecs.script.InsightCarrerContactScript"/>
  <testcase name="partnerValidate" time="0.032" classname="com.atmecs.script.InsightCarrerContactScript"/>
  <testcase name="partnerValidate" time="0.033" classname="com.atmecs.script.InsightCarrerContactScript"/>
  <testcase name="partnerValidate" time="0.034" classname="com.atmecs.script.InsightCarrerContactScript"/>
  <testcase name="partnerValidate" time="0.034" classname="com.atmecs.script.InsightCarrerContactScript"/>
  <testcase name="partnerValidate" time="0.031" classname="com.atmecs.script.InsightCarrerContactScript"/>
  <testcase name="partnerValidate" time="0.034" classname="com.atmecs.script.InsightCarrerContactScript"/>
  <testcase name="partnerValidate" time="0.036" classname="com.atmecs.script.InsightCarrerContactScript"/>
  <testcase name="partnerValidate" time="0.050" classname="com.atmecs.script.InsightCarrerContactScript"/>
  <testcase name="partnerValidate" time="0.033" classname="com.atmecs.script.InsightCarrerContactScript"/>
  <testcase name="partnerValidate" time="0.025" classname="com.atmecs.script.InsightCarrerContactScript"/>
  <testcase name="partnerValidate" time="0.037" classname="com.atmecs.script.InsightCarrerContactScript"/>
  <testcase name="partnerValidate" time="0.033" classname="com.atmecs.script.InsightCarrerContactScript"/>
  <testcase name="partnerValidate" time="0.031" classname="com.atmecs.script.InsightCarrerContactScript"/>
  <testcase name="partnerValidate" time="0.035" classname="com.atmecs.script.InsightCarrerContactScript"/>
  <testcase name="partnerValidate" time="0.025" classname="com.atmecs.script.InsightCarrerContactScript"/>
  <testcase name="partnerValidate" time="0.048" classname="com.atmecs.script.InsightCarrerContactScript"/>
  <testcase name="partnerValidate" time="0.031" classname="com.atmecs.script.InsightCarrerContactScript"/>
  <testcase name="partnerValidate" time="0.036" classname="com.atmecs.script.InsightCarrerContactScript"/>
  <testcase name="partnerValidate" time="0.042" classname="com.atmecs.script.InsightCarrerContactScript"/>
  <testcase name="partnerValidate" time="0.032" classname="com.atmecs.script.InsightCarrerContactScript"/>
  <testcase name="partnerValidate" time="0.026" classname="com.atmecs.script.InsightCarrerContactScript"/>
  <testcase name="clickOnMedia" time="0.068" classname="com.atmecs.script.InsightCarrerContactScript"/>
  <testcase name="mediaValidate" time="0.026" classname="com.atmecs.script.InsightCarrerContactScript"/>
  <testcase name="mediaValidate" time="0.028" classname="com.atmecs.script.InsightCarrerContactScript"/>
  <testcase name="mediaValidate" time="0.025" classname="com.atmecs.script.InsightCarrerContactScript"/>
  <testcase name="mediaValidate" time="0.033" classname="com.atmecs.script.InsightCarrerContactScript"/>
  <testcase name="mediaValidate" time="0.023" classname="com.atmecs.script.InsightCarrerContactScript"/>
  <testcase name="mediaValidate" time="0.022" classname="com.atmecs.script.InsightCarrerContactScript"/>
  <testcase name="mediaValidate" time="0.026" classname="com.atmecs.script.InsightCarrerContactScript"/>
  <testcase name="mediaValidate" time="0.027" classname="com.atmecs.script.InsightCarrerContactScript"/>
  <testcase name="mediaValidate" time="0.028" classname="com.atmecs.script.InsightCarrerContactScript"/>
  <testcase name="mediaValidate" time="0.024" classname="com.atmecs.script.InsightCarrerContactScript"/>
  <testcase name="mediaValidate" time="0.034" classname="com.atmecs.script.InsightCarrerContactScript"/>
  <testcase name="mediaValidate" time="0.052" classname="com.atmecs.script.InsightCarrerContactScript"/>
  <testcase name="mediaValidate" time="0.025" classname="com.atmecs.script.InsightCarrerContactScript"/>
  <testcase name="mediaValidate" time="0.023" classname="com.atmecs.script.InsightCarrerContactScript"/>
  <testcase name="mediaValidate" time="0.027" classname="com.atmecs.script.InsightCarrerContactScript"/>
  <testcase name="mediaValidate" time="0.026" classname="com.atmecs.script.InsightCarrerContactScript"/>
  <testcase name="mediaValidate" time="0.028" classname="com.atmecs.script.InsightCarrerContactScript"/>
  <testcase name="mediaValidate" time="0.024" classname="com.atmecs.script.InsightCarrerContactScript"/>
  <testcase name="mediaValidate" time="0.026" classname="com.atmecs.script.InsightCarrerContactScript"/>
  <testcase name="mediaValidate" time="0.024" classname="com.atmecs.script.InsightCarrerContactScript"/>
  <testcase name="mediaValidate" time="0.034" classname="com.atmecs.script.InsightCarrerContactScript"/>
</testsuite> <!-- com.atmecs.script.InsightCarrerContactScript -->
